<?xml version="1.0" encoding="UTF-8"?>
<!-- Generated by org.testng.reporters.JUnitXMLReporter -->
<testsuite ignored="0" hostname="Robert" failures="0" tests="6" name="Default test" time="0.08" errors="0" timestamp="2024-10-28T23:32:59 IST">
  <testcase classname="ParallelInstances.TestClass1" name="testMethod1" time="0.01"/>
  <testcase classname="ParallelInstances.TestClass1" name="testMethod2" time="0.001"/>
  <testcase classname="ParallelInstances.TestClass1" name="testMethod3" time="0.001"/>
  <testcase classname="ParallelInstances.TestClass2" name="testMethod1" time="0.003"/>
  <testcase classname="ParallelInstances.TestClass2" name="testMethod2" time="0.001"/>
  <testcase classname="ParallelInstances.TestClass2" name="testMethod3" time="0.002"/>
</testsuite> <!-- Default test -->
