<?xml version="1.0" encoding="UTF-8"?>
<!-- Generated by org.testng.reporters.JUnitXMLReporter -->
<testsuite ignored="0" hostname="Robert" failures="0" tests="3" name="Default test" time="0.151" errors="0" timestamp="2024-08-09T21:50:58 IST">
  <testcase classname="TestNGStudy.testNGConcepts.BasicAnnotaions" name="GetpageTitle" time="0.017"/>
  <testcase classname="TestNGStudy.testNGConcepts.BasicAnnotaions" name="GetpageTitle2" time="0.003"/>
  <testcase classname="TestNGStudy.testNGConcepts.BasicAnnotaions" name="GetpageTitle3" time="0.004"/>
</testsuite> <!-- Default test -->
