<?xml version="1.0" encoding="UTF-8"?>
<!-- Generated by org.testng.reporters.JUnitXMLReporter -->
<testsuite ignored="0" hostname="Robert" failures="1" tests="2" name="Test1" time="0.086" errors="0" timestamp="2024-10-26T16:49:01 IST">
  <testcase classname="IRetryAnalyzerListeners.TestCase" name="firstMethod" time="0.019"/>
  <testcase classname="IRetryAnalyzerListeners.TestCase" name="secondMethod" time="0.011">
    <failure type="java.lang.AssertionError" message="expected [true] but found [false]">
      <![CDATA[java.lang.AssertionError: expected [true] but found [false]
at IRetryAnalyzerListeners.TestCase.secondMethod(TestCase.java:17)
at java.base/java.util.ArrayList.forEach(ArrayList.java:1511)
... Removed 31 stack frames]]>
    </failure>
  </testcase> <!-- secondMethod -->
</testsuite> <!-- Test1 -->
