<?xml version="1.0" encoding="UTF-8"?>
<!-- Generated by org.testng.reporters.JUnitXMLReporter -->
<testsuite ignored="0" hostname="Robert" failures="0" tests="3" name="Test" time="0.094" errors="0" timestamp="2024-08-23T11:21:18 IST">
  <testcase classname="TestNGStudy.testNGConcepts.BasicAnnotaions" name="GetpageTitle" time="0.012"/>
  <testcase classname="TestNGStudy.testNGConcepts.BasicAnnotaions" name="GetpageTitle2" time="0.002"/>
  <testcase classname="TestNGStudy.testNGConcepts.BasicAnnotaions" name="GetpageTitle3" time="0.002"/>
</testsuite> <!-- Test -->
