<?xml version="1.0" encoding="UTF-8"?>
<!-- Generated by org.testng.reporters.JUnitXMLReporter -->
<testsuite ignored="0" hostname="Robert" failures="0" tests="4" name="ToolsQA" time="0.094" errors="0" timestamp="2024-10-25T00:40:12 IST">
  <testcase classname="TestNGStudy.testNGConcepts.GroupDependency" name="OpenBrowser" time="0.013"/>
  <testcase classname="TestNGStudy.testNGConcepts.GroupDependency" name="LogIn" time="0.002"/>
  <testcase classname="TestNGStudy.testNGConcepts.GroupDependency" name="ViewAcc" time="0.002"/>
  <testcase classname="TestNGStudy.testNGConcepts.GroupDependency" name="CloseAccount" time="0.001"/>
</testsuite> <!-- ToolsQA -->
