<?xml version="1.0" encoding="UTF-8"?>
<testng-results ignored="0" total="6" passed="6" failed="0" skipped="0">
  <reporter-output>
  </reporter-output>
  <suite started-at="2024-10-28T23:34:01 IST" name="ParallelInstanceSuite" finished-at="2024-10-28T23:34:01 IST" duration-ms="67">
    <groups>
    </groups>
    <test started-at="2024-10-28T23:34:01 IST" name="TestSet1" finished-at="2024-10-28T23:34:01 IST" duration-ms="67">
      <class name="ParallelInstances.TestClass1">
        <test-method signature="testMethod3()[pri:0, instance:ParallelInstances.TestClass1@38c6f217]" started-at="2024-10-28T23:34:01 IST" name="testMethod3" finished-at="2024-10-28T23:34:01 IST" duration-ms="18" status="PASS">
          <reporter-output>
          </reporter-output>
        </test-method> <!-- testMethod3 -->
        <test-method signature="testMethod1()[pri:0, instance:ParallelInstances.TestClass1@38c6f217]" started-at="2024-10-28T23:34:01 IST" name="testMethod1" finished-at="2024-10-28T23:34:01 IST" duration-ms="17" status="PASS">
          <reporter-output>
          </reporter-output>
        </test-method> <!-- testMethod1 -->
        <test-method signature="testMethod2()[pri:0, instance:ParallelInstances.TestClass1@38c6f217]" started-at="2024-10-28T23:34:01 IST" name="testMethod2" finished-at="2024-10-28T23:34:01 IST" duration-ms="17" status="PASS">
          <reporter-output>
          </reporter-output>
        </test-method> <!-- testMethod2 -->
      </class> <!-- ParallelInstances.TestClass1 -->
      <class name="ParallelInstances.TestClass2">
        <test-method signature="testMethod1()[pri:0, instance:ParallelInstances.TestClass2@1d2adfbe]" started-at="2024-10-28T23:34:01 IST" name="testMethod1" finished-at="2024-10-28T23:34:01 IST" duration-ms="18" status="PASS">
          <reporter-output>
          </reporter-output>
        </test-method> <!-- testMethod1 -->
        <test-method signature="testMethod2()[pri:0, instance:ParallelInstances.TestClass2@1d2adfbe]" started-at="2024-10-28T23:34:01 IST" name="testMethod2" finished-at="2024-10-28T23:34:01 IST" duration-ms="18" status="PASS">
          <reporter-output>
          </reporter-output>
        </test-method> <!-- testMethod2 -->
        <test-method signature="testMethod3()[pri:0, instance:ParallelInstances.TestClass2@1d2adfbe]" started-at="2024-10-28T23:34:01 IST" name="testMethod3" finished-at="2024-10-28T23:34:01 IST" duration-ms="18" status="PASS">
          <reporter-output>
          </reporter-output>
        </test-method> <!-- testMethod3 -->
      </class> <!-- ParallelInstances.TestClass2 -->
    </test> <!-- TestSet1 -->
  </suite> <!-- ParallelInstanceSuite -->
</testng-results>
