<?xml version="1.0" encoding="UTF-8"?>
<testng-results ignored="0" total="3" passed="3" failed="0" skipped="0">
  <reporter-output>
  </reporter-output>
  <suite started-at="2024-08-09T21:50:58 IST" name="Default suite" finished-at="2024-08-09T21:50:58 IST" duration-ms="150">
    <groups>
      <group name="IT">
        <method signature="BasicAnnotaions.GetpageTitle2()[pri:0, instance:TestNGStudy.testNGConcepts.BasicAnnotaions@128d2484]" name="GetpageTitle2" class="TestNGStudy.testNGConcepts.BasicAnnotaions"/>
        <method signature="BasicAnnotaions.GetpageTitle3()[pri:0, instance:TestNGStudy.testNGConcepts.BasicAnnotaions@128d2484]" name="GetpageTitle3" class="TestNGStudy.testNGConcepts.BasicAnnotaions"/>
      </group> <!-- IT -->
    </groups>
    <test started-at="2024-08-09T21:50:58 IST" name="Default test" finished-at="2024-08-09T21:50:58 IST" duration-ms="150">
      <class name="TestNGStudy.testNGConcepts.BasicAnnotaions">
        <test-method is-config="true" signature="beforeSuite()[pri:0, instance:TestNGStudy.testNGConcepts.BasicAnnotaions@128d2484]" started-at="2024-08-09T21:50:58 IST" name="beforeSuite" finished-at="2024-08-09T21:50:58 IST" duration-ms="19" status="PASS">
          <reporter-output>
          </reporter-output>
        </test-method> <!-- beforeSuite -->
        <test-method is-config="true" signature="beforeTest()[pri:0, instance:TestNGStudy.testNGConcepts.BasicAnnotaions@128d2484]" started-at="2024-08-09T21:50:58 IST" name="beforeTest" finished-at="2024-08-09T21:50:58 IST" duration-ms="1" status="PASS">
          <reporter-output>
          </reporter-output>
        </test-method> <!-- beforeTest -->
        <test-method is-config="true" signature="beforeClass()[pri:0, instance:TestNGStudy.testNGConcepts.BasicAnnotaions@128d2484]" started-at="2024-08-09T21:50:58 IST" name="beforeClass" finished-at="2024-08-09T21:50:58 IST" duration-ms="1" status="PASS">
          <reporter-output>
          </reporter-output>
        </test-method> <!-- beforeClass -->
        <test-method is-config="true" signature="beforeMethod()[pri:0, instance:TestNGStudy.testNGConcepts.BasicAnnotaions@128d2484]" started-at="2024-08-09T21:50:58 IST" name="beforeMethod" finished-at="2024-08-09T21:50:58 IST" duration-ms="1" status="PASS">
          <reporter-output>
          </reporter-output>
        </test-method> <!-- beforeMethod -->
        <test-method signature="GetpageTitle()[pri:0, instance:TestNGStudy.testNGConcepts.BasicAnnotaions@128d2484]" started-at="2024-08-09T21:50:58 IST" name="GetpageTitle" finished-at="2024-08-09T21:50:58 IST" duration-ms="21" status="PASS">
          <reporter-output>
          </reporter-output>
        </test-method> <!-- GetpageTitle -->
        <test-method is-config="true" signature="afterMethod()[pri:0, instance:TestNGStudy.testNGConcepts.BasicAnnotaions@128d2484]" started-at="2024-08-09T21:50:58 IST" name="afterMethod" finished-at="2024-08-09T21:50:58 IST" duration-ms="2" status="PASS">
          <reporter-output>
          </reporter-output>
        </test-method> <!-- afterMethod -->
        <test-method is-config="true" signature="beforeGroups()[pri:0, instance:TestNGStudy.testNGConcepts.BasicAnnotaions@128d2484]" started-at="2024-08-09T21:50:58 IST" name="beforeGroups" finished-at="2024-08-09T21:50:58 IST" duration-ms="5" status="PASS">
          <reporter-output>
          </reporter-output>
        </test-method> <!-- beforeGroups -->
        <test-method is-config="true" signature="beforeMethod()[pri:0, instance:TestNGStudy.testNGConcepts.BasicAnnotaions@128d2484]" started-at="2024-08-09T21:50:58 IST" name="beforeMethod" finished-at="2024-08-09T21:50:58 IST" duration-ms="0" status="PASS">
          <reporter-output>
          </reporter-output>
        </test-method> <!-- beforeMethod -->
        <test-method signature="GetpageTitle2()[pri:0, instance:TestNGStudy.testNGConcepts.BasicAnnotaions@128d2484]" started-at="2024-08-09T21:50:58 IST" name="GetpageTitle2" finished-at="2024-08-09T21:50:58 IST" duration-ms="8" status="PASS">
          <reporter-output>
          </reporter-output>
        </test-method> <!-- GetpageTitle2 -->
        <test-method is-config="true" signature="afterMethod()[pri:0, instance:TestNGStudy.testNGConcepts.BasicAnnotaions@128d2484]" started-at="2024-08-09T21:50:58 IST" name="afterMethod" finished-at="2024-08-09T21:50:58 IST" duration-ms="1" status="PASS">
          <reporter-output>
          </reporter-output>
        </test-method> <!-- afterMethod -->
        <test-method is-config="true" signature="beforeMethod()[pri:0, instance:TestNGStudy.testNGConcepts.BasicAnnotaions@128d2484]" started-at="2024-08-09T21:50:58 IST" name="beforeMethod" finished-at="2024-08-09T21:50:58 IST" duration-ms="1" status="PASS">
          <reporter-output>
          </reporter-output>
        </test-method> <!-- beforeMethod -->
        <test-method signature="GetpageTitle3()[pri:0, instance:TestNGStudy.testNGConcepts.BasicAnnotaions@128d2484]" started-at="2024-08-09T21:50:58 IST" name="GetpageTitle3" finished-at="2024-08-09T21:50:58 IST" duration-ms="1" status="PASS">
          <reporter-output>
          </reporter-output>
        </test-method> <!-- GetpageTitle3 -->
        <test-method is-config="true" signature="afterMethod()[pri:0, instance:TestNGStudy.testNGConcepts.BasicAnnotaions@128d2484]" started-at="2024-08-09T21:50:58 IST" name="afterMethod" finished-at="2024-08-09T21:50:58 IST" duration-ms="1" status="PASS">
          <reporter-output>
          </reporter-output>
        </test-method> <!-- afterMethod -->
        <test-method is-config="true" signature="afterGroups()[pri:0, instance:TestNGStudy.testNGConcepts.BasicAnnotaions@128d2484]" started-at="2024-08-09T21:50:58 IST" name="afterGroups" finished-at="2024-08-09T21:50:58 IST" duration-ms="1" status="PASS">
          <reporter-output>
          </reporter-output>
        </test-method> <!-- afterGroups -->
        <test-method is-config="true" signature="afterClass()[pri:0, instance:TestNGStudy.testNGConcepts.BasicAnnotaions@128d2484]" started-at="2024-08-09T21:50:58 IST" name="afterClass" finished-at="2024-08-09T21:50:58 IST" duration-ms="5" status="PASS">
          <reporter-output>
          </reporter-output>
        </test-method> <!-- afterClass -->
        <test-method is-config="true" signature="afterTest()[pri:0, instance:TestNGStudy.testNGConcepts.BasicAnnotaions@128d2484]" started-at="2024-08-09T21:50:58 IST" name="afterTest" finished-at="2024-08-09T21:50:58 IST" duration-ms="1" status="PASS">
          <reporter-output>
          </reporter-output>
        </test-method> <!-- afterTest -->
        <test-method is-config="true" signature="afterSuite()[pri:0, instance:TestNGStudy.testNGConcepts.BasicAnnotaions@128d2484]" started-at="2024-08-09T21:50:59 IST" name="afterSuite" finished-at="2024-08-09T21:50:59 IST" duration-ms="0" status="PASS">
          <reporter-output>
          </reporter-output>
        </test-method> <!-- afterSuite -->
      </class> <!-- TestNGStudy.testNGConcepts.BasicAnnotaions -->
    </test> <!-- Default test -->
  </suite> <!-- Default suite -->
</testng-results>
