<?xml version="1.0" encoding="UTF-8"?>
<!-- Generated by org.testng.reporters.JUnitXMLReporter -->
<testsuite ignored="0" hostname="Robert" failures="0" tests="6" name="TestSet1" time="0.067" errors="0" timestamp="2024-10-28T23:34:01 IST">
  <testcase classname="ParallelInstances.TestClass1" name="testMethod2" time="0.017"/>
  <testcase classname="ParallelInstances.TestClass2" name="testMethod3" time="0.018"/>
  <testcase classname="ParallelInstances.TestClass2" name="testMethod2" time="0.018"/>
  <testcase classname="ParallelInstances.TestClass1" name="testMethod3" time="0.018"/>
  <testcase classname="ParallelInstances.TestClass1" name="testMethod1" time="0.017"/>
  <testcase classname="ParallelInstances.TestClass2" name="testMethod1" time="0.018"/>
</testsuite> <!-- TestSet1 -->
